Archivo: c2.gram
29/11/2022 09:44:13 p. m.
Gramatica ST
: ST
cplusplus ST

 FinProduccion
Programa ST
-> Produce
# ST
Identificador ST
, ST
Numero ST
Librerias ST

 FinProduccion
Librerias ST
-> Produce
# ST
include ST
< ST
Identificador ST
. ST
h ST
> ST

 FinProduccion
Variables ST
-> Produce
\ ST
( ST
Identificador ST
\ ST
) ST

 FinProduccion
ListaIdentificadores ST
-> Produce
Numero ST
Programa ST
-> Produce
# ST
Identificador ST
, ST
Numero ST
Librerias ST

 FinProduccion
Librerias ST
-> Produce
# ST
include ST
< ST
Identificador ST
. ST
h ST
> ST

 FinProduccion
Variables ST
-> Produce
\ ST
( ST
Identificador ST
\ ST
) ST
Error de sintaxis, se espera un FinProduccion en linea: 4
